<?xml version="1.0" encoding="UTF-8"?>
<testsuite xmlns:xsi="http://www.w3.org/2001/XMLSchema-instance" xsi:noNamespaceSchemaLocation="https://maven.apache.org/surefire/maven-surefire-plugin/xsd/surefire-test-report-3.0.xsd" version="3.0" name="com.example.TestGreeter" time="0.074" tests="2" errors="0" skipped="0" failures="0">
  <properties>
    <property name="java.specification.version" value="17"/>
    <property name="sun.cpu.isalist" value="amd64"/>
    <property name="sun.jnu.encoding" value="Cp1252"/>
    <property name="java.class.path" value="C:\Users\balpavan\Desktop\AzureLearning\MavenHelloWorld-master\server\target\test-classes;C:\Users\balpavan\Desktop\AzureLearning\MavenHelloWorld-master\server\target\classes;C:\Users\balpavan\.m2\repository\junit\junit\4.13.2\junit-4.13.2.jar;C:\Users\balpavan\.m2\repository\org\hamcrest\hamcrest-core\1.3\hamcrest-core-1.3.jar;C:\Users\balpavan\.m2\repository\org\hamcrest\hamcrest-library\1.3\hamcrest-library-1.3.jar;C:\Users\balpavan\.m2\repository\org\mockito\mockito-core\4.11.0\mockito-core-4.11.0.jar;C:\Users\balpavan\.m2\repository\net\bytebuddy\byte-buddy\1.12.19\byte-buddy-1.12.19.jar;C:\Users\balpavan\.m2\repository\net\bytebuddy\byte-buddy-agent\1.12.19\byte-buddy-agent-1.12.19.jar;C:\Users\balpavan\.m2\repository\org\objenesis\objenesis\3.3\objenesis-3.3.jar;"/>
    <property name="java.vm.vendor" value="Oracle Corporation"/>
    <property name="sun.arch.data.model" value="64"/>
    <property name="user.variant" value=""/>
    <property name="java.vendor.url" value="https://java.oracle.com/"/>
    <property name="user.timezone" value="Asia/Calcutta"/>
    <property name="os.name" value="Windows 10"/>
    <property name="java.vm.specification.version" value="17"/>
    <property name="sun.java.launcher" value="SUN_STANDARD"/>
    <property name="user.country" value="US"/>
    <property name="sun.boot.library.path" value="C:\Program Files\Java\jdk-17\bin"/>
    <property name="sun.java.command" value="C:\Users\balpavan\AppData\Local\Temp\surefire1720478291155961953\surefirebooter-20250210172444207_3.jar C:\Users\balpavan\AppData\Local\Temp\surefire1720478291155961953 2025-02-10T17-24-41_887-jvmRun1 surefire-20250210172444207_1tmp surefire_0-20250210172444207_2tmp"/>
    <property name="jdk.debug" value="release"/>
    <property name="surefire.test.class.path" value="C:\Users\balpavan\Desktop\AzureLearning\MavenHelloWorld-master\server\target\test-classes;C:\Users\balpavan\Desktop\AzureLearning\MavenHelloWorld-master\server\target\classes;C:\Users\balpavan\.m2\repository\junit\junit\4.13.2\junit-4.13.2.jar;C:\Users\balpavan\.m2\repository\org\hamcrest\hamcrest-core\1.3\hamcrest-core-1.3.jar;C:\Users\balpavan\.m2\repository\org\hamcrest\hamcrest-library\1.3\hamcrest-library-1.3.jar;C:\Users\balpavan\.m2\repository\org\mockito\mockito-core\4.11.0\mockito-core-4.11.0.jar;C:\Users\balpavan\.m2\repository\net\bytebuddy\byte-buddy\1.12.19\byte-buddy-1.12.19.jar;C:\Users\balpavan\.m2\repository\net\bytebuddy\byte-buddy-agent\1.12.19\byte-buddy-agent-1.12.19.jar;C:\Users\balpavan\.m2\repository\org\objenesis\objenesis\3.3\objenesis-3.3.jar;"/>
    <property name="sun.cpu.endian" value="little"/>
    <property name="user.home" value="C:\Users\balpavan"/>
    <property name="user.language" value="en"/>
    <property name="java.specification.vendor" value="Oracle Corporation"/>
    <property name="java.version.date" value="2024-07-16"/>
    <property name="java.home" value="C:\Program Files\Java\jdk-17"/>
    <property name="file.separator" value="\"/>
    <property name="basedir" value="C:\Users\balpavan\Desktop\AzureLearning\MavenHelloWorld-master\server"/>
    <property name="java.vm.compressedOopsMode" value="Zero based"/>
    <property name="line.separator" value="&#10;"/>
    <property name="java.vm.specification.vendor" value="Oracle Corporation"/>
    <property name="java.specification.name" value="Java Platform API Specification"/>
    <property name="surefire.real.class.path" value="C:\Users\balpavan\AppData\Local\Temp\surefire1720478291155961953\surefirebooter-20250210172444207_3.jar"/>
    <property name="user.script" value=""/>
    <property name="sun.management.compiler" value="HotSpot 64-Bit Tiered Compilers"/>
    <property name="java.runtime.version" value="17.0.12+8-LTS-286"/>
    <property name="user.name" value="balpavan"/>
    <property name="path.separator" value=";"/>
    <property name="os.version" value="10.0"/>
    <property name="java.runtime.name" value="Java(TM) SE Runtime Environment"/>
    <property name="file.encoding" value="Cp1252"/>
    <property name="java.vm.name" value="Java HotSpot(TM) 64-Bit Server VM"/>
    <property name="localRepository" value="C:\Users\balpavan\.m2\repository"/>
    <property name="java.vendor.url.bug" value="https://bugreport.java.com/bugreport/"/>
    <property name="java.io.tmpdir" value="C:\Users\balpavan\AppData\Local\Temp\"/>
    <property name="java.version" value="17.0.12"/>
    <property name="user.dir" value="C:\Users\balpavan\Desktop\AzureLearning\MavenHelloWorld-master\server"/>
    <property name="os.arch" value="amd64"/>
    <property name="java.vm.specification.name" value="Java Virtual Machine Specification"/>
    <property name="sun.os.patch.level" value=""/>
    <property name="native.encoding" value="Cp1252"/>
    <property name="java.library.path" value="C:\Program Files\Java\jdk-17\bin;C:\WINDOWS\Sun\Java\bin;C:\WINDOWS\system32;C:\WINDOWS;C:\Program Files\Common Files\Oracle\Java\javapath;C:\Python312\Scripts\;C:\Python312\;C:\Program Files\Java\jdk-11.0.12\bin;C:\WINDOWS\system32;C:\WINDOWS;C:\WINDOWS\System32\Wbem;C:\WINDOWS\System32\WindowsPowerShell\v1.0\;C:\WINDOWS\System32\OpenSSH\;C:\Users\balpavan\Downloads\tools_r25.2.5-windows;C:\Program Files\Java\jdk-17\bin;C:\Program Files\Java\jdk-17\lib;C:\Users\balpavan\Downloads\tools_r25.2.5-windows\platform-tools;C:\Users\balpavan\Downloads\tools_r25.2.5-windows\tools;C:\Users\balpavan\Downloads\tools_r25.2.5-windows\build-tools;C:\Program Files\Android\Android Studio\bin;C:\Users\balpavan\Downloads\tools_r25.2.5-windows\tools\bin;C:\Program Files\dotnet\;C:\Program Files (x86)\Box\Box Edit\;C:\Program Files\gradle-7.4.2\bin;C:\Program Files\maven\apache-maven-3.8.6\bin;C:\Program Files\WindowsPowerShell\Scripts\HP.ClientScriptLibrary;C:\Program Files (x86)\Pulse Secure\VC142.CRT\X64\;C:\Program Files (x86)\Pulse Secure\VC142.CRT\X86\;C:\Program Files (x86)\Common Files\Pulse Secure\TNC Client Plugin\;C:\src\flutter\bin;C:\ProgramData\chocolatey\bin;C:\Program Files\PuTTY\;C:\Users\balpavan\AppData\Local\nvm;C:\Users\balpavan\AppData\Local\nvm\v14.18.3;C:\Program Files\Java\jdk-11.0.12\bin;C:\Users\balpavan\AppData\Local\Microsoft\WindowsApps;C:\Users\balpavan\AppData\Local\Programs\Git\cmd;C:\Flutter\flutter\bin;C:\dart-sdk\bin;C:\Program Files\gradle-7.4.2\bin;C:\Users\balpavan\AppData\Local\Programs\Microsoft VS Code\bin;C:\src\flutter\bin;C:\Users\balpavan\AppData\Local\nvm;C:\Users\balpavan\AppData\Local\nvm;C:\Users\balpavan\AppData\Local\nvm\v14.18.3;C:\Program Files\Java\jdk-17\bin;;."/>
    <property name="java.vm.info" value="mixed mode, sharing"/>
    <property name="java.vendor" value="Oracle Corporation"/>
    <property name="java.vm.version" value="17.0.12+8-LTS-286"/>
    <property name="sun.io.unicode.encoding" value="UnicodeLittle"/>
    <property name="java.class.version" value="61.0"/>
  </properties>
  <testcase name="greetShouldIncludeTheOneBeingGreeted" classname="com.example.TestGreeter" time="0.007"/>
  <testcase name="greetShouldIncludeGreetingPhrase" classname="com.example.TestGreeter" time="0.002"/>
</testsuite>